
Sat, 21 Oct 2023 18:08:18 +0200 : NO senderId 

Sat, 21 Oct 2023 18:08:18 +0200 : NO concat 

Sat, 21 Oct 2023 18:08:18 +0200 : NO encoding

Sat, 21 Oct 2023 18:08:19 +0200 : Server Altiria response: OK dest:573186343112


Sat, 21 Oct 2023 18:17:29 +0200 : NO senderId 

Sat, 21 Oct 2023 18:17:29 +0200 : NO concat 

Sat, 21 Oct 2023 18:17:29 +0200 : NO encoding

Sat, 21 Oct 2023 18:17:29 +0200 : Server Altiria response: OK dest:573186343112


Sat, 21 Oct 2023 18:22:31 +0200 : NO senderId 

Sat, 21 Oct 2023 18:22:31 +0200 : NO concat 

Sat, 21 Oct 2023 18:22:31 +0200 : NO encoding

Sat, 21 Oct 2023 18:22:32 +0200 : Server Altiria response: ERROR errNum:015

Sat, 21 Oct 2023 18:22:32 +0200 : Error sending SMS: ERROR errNum:015

Sat, 21 Oct 2023 18:23:12 +0200 : NO senderId 

Sat, 21 Oct 2023 18:23:12 +0200 : NO concat 

Sat, 21 Oct 2023 18:23:12 +0200 : NO encoding

Sat, 21 Oct 2023 18:23:13 +0200 : Server Altiria response: ERROR errNum:015

Sat, 21 Oct 2023 18:23:13 +0200 : Error sending SMS: ERROR errNum:015

Sat, 21 Oct 2023 18:25:47 +0200 : NO senderId 

Sat, 21 Oct 2023 18:25:47 +0200 : NO concat 

Sat, 21 Oct 2023 18:25:47 +0200 : NO encoding

Sat, 21 Oct 2023 18:25:48 +0200 : Server Altiria response: OK dest:573224391763


Sat, 21 Oct 2023 18:30:52 +0200 : NO senderId 

Sat, 21 Oct 2023 18:30:53 +0200 : NO concat 

Sat, 21 Oct 2023 18:30:53 +0200 : NO encoding

Sat, 21 Oct 2023 18:30:53 +0200 : Server Altiria response: OK dest:573186343112


Sat, 21 Oct 2023 18:32:25 +0200 : NO senderId 

Sat, 21 Oct 2023 18:32:25 +0200 : NO concat 

Sat, 21 Oct 2023 18:32:25 +0200 : NO encoding

Sat, 21 Oct 2023 18:32:26 +0200 : Server Altiria response: OK dest:573224391763


Sat, 21 Oct 2023 18:33:22 +0200 : NO senderId 

Sat, 21 Oct 2023 18:33:22 +0200 : NO concat 

Sat, 21 Oct 2023 18:33:22 +0200 : NO encoding

Sat, 21 Oct 2023 18:33:23 +0200 : Server Altiria response: OK dest:573186343112


Sat, 21 Oct 2023 18:34:54 +0200 : NO senderId 

Sat, 21 Oct 2023 18:34:54 +0200 : NO concat 

Sat, 21 Oct 2023 18:34:54 +0200 : NO encoding

Sat, 21 Oct 2023 18:34:55 +0200 : Server Altiria response: OK dest:573224391763


Sat, 21 Oct 2023 18:46:58 +0200 : NO senderId 

Sat, 21 Oct 2023 18:46:58 +0200 : NO concat 

Sat, 21 Oct 2023 18:46:58 +0200 : NO encoding

Sat, 21 Oct 2023 18:46:59 +0200 : Server Altiria response: OK dest:573227290001


Sat, 21 Oct 2023 19:38:26 +0200 : NO senderId 

Sat, 21 Oct 2023 19:38:26 +0200 : NO concat 

Sat, 21 Oct 2023 19:38:26 +0200 : NO encoding

Sat, 21 Oct 2023 19:38:27 +0200 : Server Altiria response: OK dest:573186343112


Sat, 21 Oct 2023 19:52:07 +0200 : NO senderId 

Sat, 21 Oct 2023 19:52:07 +0200 : NO concat 

Sat, 21 Oct 2023 19:52:07 +0200 : NO encoding

Sat, 21 Oct 2023 19:52:08 +0200 : Server Altiria response: OK dest:573186343112


Sat, 21 Oct 2023 20:33:29 +0200 : NO senderId 

Sat, 21 Oct 2023 20:33:29 +0200 : NO concat 

Sat, 21 Oct 2023 20:33:29 +0200 : NO encoding

Sat, 21 Oct 2023 20:33:30 +0200 : Server Altiria response: OK dest:573186343111


Sat, 21 Oct 2023 20:37:33 +0200 : NO senderId 

Sat, 21 Oct 2023 20:37:33 +0200 : NO concat 

Sat, 21 Oct 2023 20:37:33 +0200 : NO encoding

Sat, 21 Oct 2023 20:37:34 +0200 : Server Altiria response: OK dest:573186343111


Sat, 21 Oct 2023 20:59:27 +0200 : NO senderId 

Sat, 21 Oct 2023 20:59:27 +0200 : NO concat 

Sat, 21 Oct 2023 20:59:27 +0200 : NO encoding

Sat, 21 Oct 2023 20:59:28 +0200 : Server Altiria response: OK dest:573186343112


Sat, 21 Oct 2023 21:03:15 +0200 : NO senderId 

Sat, 21 Oct 2023 21:03:15 +0200 : NO concat 

Sat, 21 Oct 2023 21:03:15 +0200 : NO encoding

Sat, 21 Oct 2023 21:03:15 +0200 : Server Altiria response: OK dest:573186343112

